4 ceafbghjdi
1 abcdefgjhi
1 bacdefghij
1 abcdefgjhi
3 acdebfhigj
3 aiebcdjfgh
4 fabcdhegij
2 acefghidbj
1 acdebfghij
3 afbdehicgj
3 acedfhijgb
2 agbcdfhiej
2 bcdefghiaj
3 acdefbhijg
2 bcdeghaifj
1 abecdfghij
4 fajbcdegih
2 bcdeafghji
5 aebghicfdj
1 abcdefighj
4 gajhbdcefi
2 bjcdefghai
2 adefghcibj
3 acedfghijb
3 afcbhdegij
6 hefgjcibad
5 icdjehfgba
3 aibcdfgjeh
5 fbjidcaegh
1 abcdefghij
6 abfdegchij
2 gabcdefhij
4 caedgbhifj
1 abcfdeghij
1 acdefghbij
1 abcdefjghi
1 abdefghicj
2 agbcdefijh
2 abcedfghji
3 abcdghiejf
3 fbacedghij
3 acgdebjfhi
3 bcdefgaijh
1 bacdefghij
3 ajbcgdefhi
1 abcdefghij
4 gbcdefhiaj
1 abcdefjghi
2 aibcdefgjh
2 aebcdfghji
1 agbcdefhij
4 biceafdghj
4 jdabcfiegh
3 cabdfgjhei
3 cabdehfijg
1 abcefghidj
1 bcadefghij
4 aecfbdghij
1 abcefgdhij
4 dbjhceafgi
2 cdefgabhij
2 bjcadefghi
3 gbadcefhij
3 abecfdghji
2 afbcdejghi
2 bacdefghij
5 hbaedgifcj
1 abdefghijc
3 caefdbghij
2 hafbcdegij
3 fbcdaeghji
3 abjicdfegh
1 abcdefghij
4 bdaefghicj
4 abegcfdhij
5 cdabefjgih
4 abcfedihgj
1 bcadefghij
4 ibcdhafgej
3 acdefgjhib
2 caibdefghj
4 bafcdeghij
2 abcdhegifj
1 abcefgdhij
5 ibadegfcjh
1 abcdefghij
1 abcdefighj
2 bcdeagfhij
3 ahbcefgjid
3 abdegfihjc
2 cabdefjghi
3 agbdcefihj
2 abchedfgij
3 jachbdefgi
1 abcidefghj
3 acdhefbgji
3 acdbehfgji
2 eabcfdghij
1 abcdfgheij
2 abcgdfhiej
2 abjcdhefgi
4 aehbijcdfg
3 cdbaefhigj
3 abcdfgjehi
5 aebcidfghj
1 afbcdeghij
6 bdaeicjfhg
2 bcagdefhij
2 abcdfegihj
3 jaicbdefgh
1 abgcdefhij
2 acdbefgihj
3 abdiefhjgc
4 bhcdgefiaj
1 bcdefgahij
4 bjcefgahid
5 gaicjedbfh
2 abciedfghj
7 bcjafieghd
1 abcefghdij
3 bcdaefgjhi
3 abjhcedfgi
4 bgeacdifhj
1 abcdefgihj
3 bdacefghij
1 acdefbghij
1 abcfdeghij
3 acdefgjhib
2 badefghicj
5 cafbdeghij
5 acdfgbihje
1 abcdefghij
3 afjibcdegh
3 bjgcdeafhi
2 abcjdeifgh
4 bagcdehfij
3 abcdeifgjh
3 cdegfahbij
1 abcdiefghj
2 abefdghicj
2 bcdefghaij
8 bjhgeiacfd
2 acdfghebij
3 abdcheifgj
4 afibcdeghj
2 cbdefgahij
2 abcfegdhij
3 abcfdghiej
3 bhacdefgij
1 abcdegfhij
4 badcefgjhi
5 cifadeghbj
3 acbidefghj
6 ceabfgidhj
2 dabcefjghi
2 bcdefgahij
5 ibfcahdgej
2 abcdfeghji
2 abciefghjd
2 bdefcghiaj
4 bicdfeagjh
1 ajbcdefghi
1 abcedfghij
2 ebacdfghij
2 gabdefhijc
3 bcdfghaiej
3 abjcdefgih
3 acebfdghij
2 abcefgdhij
1 bacdefghij
4 aefhidbjcg
4 abhcdijgef
3 ehabcdfgij
1 abcdegfhij
3 acdjefhgbi
5 caefbgdijh
2 jabcdgefhi
2 abcdehfgij
1 abdefghijc
1 dabcefghij
3 gabcefdhij
3 adgcefhijb
2 acbdjefghi
3 jahcdefgib
2 eabcgdfhij
4 hbcedfgaij
6 cbjaifdghe
5 ahbcidefgj
3 ibcdegfhaj
3 abcdfjeghi
1 bcdeafghij
3 aibcfdeghj
1 cabdefghij
1 afbcdeghij
2 bcedfgahij
2 abdfgchiej
3 abcdfeighj
1 abdcefghij
2 bacdefghij
1 bacdefghij
2 abcdefhgij
4 ajhbdcefgi
2 abdcefghij
1 abdcefghij
4 adefbhgicj
3 bdceafghji
1 abdecfghij
6 fcdehgaibj
2 abcedfghij
2 adbcjefghi
2 bcdejfgahi
3 abecfhidgj
1 abcdefghij
5 cfejgdabhi
1 abcdefghij
6 bdachigejf
3 acdebhfgji
3 bafcdegijh
2 aibcdefghj
1 abcdfeghij
2 ajbcdefghi
3 bicdaeghfj
1 ajbcdefghi
2 abcefghijd
1 abcdfgheij
5 cjbdafeghi
2 geabcdfhij
1 aibcdefghj
2 bceadfghij
2 agebcdfhij
2 abcdefhjgi
5 abhjcdfegi
2 acdeifbghj
4 gcadbehifj
2 iabcdehfgj
3 abcdegfhij
3 adefhicgjb
2 ahbcdfgeij
1 abcefghdij
4 bcdaeighfj
3 cbdefaghij
2 cdbefghija
6 ejidbcgafh
1 acbdefghij
5 habdcgiefj
1 bcdefghiaj
2 bdcefghaij
5 acbefjgdih
1 abdecfghij
1 bacdefghij
2 abecfghidj
3 iabcdefghj
5 cabfideghj
1 acbdefghij
2 acefgbhijd
5 cdefgbhjia
4 acdbhfjgie
2 dabcefghij
2 abdefgchij
3 aicdfghjeb
3 jacdbefghi
4 gabcihdefj
2 bcefghiadj
3 abecdfghij
2 abcdeghifj
1 abcdefhgij
2 acdegfbhij
5 daibcfgjhe
2 bdcefaghij
6 dbgifaecjh
1 abdefghijc
3 abdifeghjc
2 bgcdefahij
3 acbdfjghei
3 afcbdejghi
4 haicdefgbj
1 abcefgdhij
2 adefgchbij
3 abdjcefgih
1 jabcdefghi
5 ceabfgidhj
2 acbdefhigj
1 abcdefighj
3 ecabdfgihj
3 acdbefjhgi
2 fabcdeghij
3 afbchdegij
1 abdefghcij
5 hagbfciedj
2 acdbefghij
3 acefghdijb
4 faihbdcegj
2 abjcdfgehi
3 abecfghidj
3 aedbfcghij
1 abcdejfghi
3 ajihbcdefg
2 acdefgjhib
2 bcdefaighj
3 cabdefhgji
3 badefcgjhi
4 eahdbjcfgi
3 bahdefgcij
1 bcadefghij
1 bcdeafghij
5 ahdbcefgij
3 bcjadefghi
6 jcdbhfiega
2 hacdefbgij
3 habjdefgci
5 bgcedfjhai
4 hajbcgdefi
2 adbcefghij
3 abcdefghij
2 cdeafghibj
3 cdefahibjg
4 cdefhjbgia
2 abfcdegihj
3 diabchefgj
2 abcdefgihj
3 bdejfgahci
1 bcdefaghij
3 bcdaegfihj
2 jacdefbghi
1 bcadefghij
4 adjbecfghi
4 dhfabcegij
3 ebcadifghj
3 abcgdeijhf
3 cdaefgbhij
2 abdeghfcij
1 abcfdeghij
4 iacedjbfgh
5 chadfbgeij
1 bcdefgahij
5 adhibcejgf
4 behcdfijga
1 bacdefghij
4 adjcegfbhi
2 cbdeafghij
6 defiabghjc
1 bcdefaghij
3 aeijbcdfgh
2 abcdfeghij
6 ejcfadighb
3 jcdaefghbi
2 bgcdeafhij
1 bcadefghij
3 cdeafghijb
4 bdfghicjae
2 bgcdefhaij
3 ebcfdaghij
2 abehcdfgij
2 abcefhijdg
4 agfcdbeijh
2 afbcdehigj
4 bhadefgijc
3 agcdebfhij
3 ajbcegfdhi
3 abeghifdcj
1 abcdejfghi
4 behcdfiajg
4 ebfgacdhij
3 cedafbghij
3 ajbcdefghi
4 cgabidhefj
3 abcigdehfj
5 aefgijcbdh
6 ideabhfcgj
4 gabcdfheij
2 acdebfhgij
3 abjdcegfhi
3 eabdcfhgij
2 iabcefghjd
1 abcefdghij
3 bcdehgaijf
1 abcdefghij
3 bdefghjica
3 bacdegfhij
6 bdhefjaicg
3 abdcfeghij
4 ajgbdefcih
2 abdcefghij
2 abcdefgjih
3 cadjefbghi
4 abcidefhgj
5 fbidchaegj
4 djbceafghi
3 badeghifjc
1 abchdefgij
5 jbhacdeifg
4 adcbefgjhi
4 aecgbdfhji
2 abcdefhigj
5 agbjdehcfi
3 ahbdcegifj
4 debafgchij
2 abcdefijgh
2 abjcdefghi
3 abjdfghice
4 cdjbefaigh
3 beaicdfghj
6 cgbjdfheia
5 acebjifgdh
1 abcdefgjhi
5 jaegbdfchi
3 abcfdgheij
1 abcdfgehij
2 cdeafbghij
3 bacdehfigj
4 dabefgcjhi
4 bjgcdaefhi
3 cabhgdefij
3 cdefghjiab
3 afbcdeihjg
3 chdefgbaij
2 acdefghjbi
2 acbdefghij
4 abdecfghij
1 abcdfgheij
1 bcdefgahij
2 acebdfghij
4 abjhdecfgi
2 aicbdefghj
2 acbedfghij
3 abcdegfihj
4 jchbdeafgi
3 bheacdfgij
2 abdiefghcj
3 iadbcehfgj
2 abdhecfgij
2 acbdefghij
4 gbdefhciaj
3 adbhcjefgi
2 abcfghdiej
2 abicdefghj
1 iabcdefghj
3 abdhefijcg
2 bcdeafghij
4 decfghiajb
3 abcdgfheji
1 abcdefghji
3 abgcfhidej
4 iadecbjfgh
2 afbcdeghij
2 abdefhgijc
3 bdefacighj
3 habdcfegij
2 abchedfgij
4 abgjdhefic
1 abcdefghij
1 bcdefghiaj
3 bcdefjahgi
2 dabefcghij
4 hbjcadefgi
3 bcdfgijahe
3 abcidefjgh
5 dibcegfhaj
3 acbidefghj
4 dahfcbegij
3 bcdefgaijh
2 bcdefhigaj
2 adbefghcij
3 abdeghfijc
1 abcdfghiej
4 cefgbdihja
3 abecfdgijh
1 abcdefghij
2 bacedfghij
2 adibcefghj
3 abcedghfij
4 gacfbedhij
1 acbdefghij
4 bdaeghficj
2 adefghcijb
1 acbdefghij
1 abcdfghiej
5 badfeghcji
2 abcfedghij
5 adecghbfij
6 befahijdgc
3 abicdefgjh
1 abdefghicj
4 jbacdhefgi
1 fabcdeghij
1 abdefgchij
2 abcdehfgij
2 gabdefchij
1 abdefcghij
3 fabcdheigj
4 bdeafcghij
5 agbcedjhfi
1 acdefghbij
5 bhceafdigj
2 ahbcedfgij
5 cbaefgdihj
5 aicfbghedj
3 abecfghdij
3 bcdfhgaije
4 bacedfhgij
3 acdehfgibj
6 ecdiagfbhj
3 bdegfhacij
3 bcgdafehij
2 abgcdefijh
2 abcdjegfhi
4 fjabdeghic
1 eabcdfghij
3 bcdfhiagje
2 gabcefhidj
5 bcjfgehida
2 adefgchibj
3 bacefghidj
3 gbceadfhij
5 dbcefhigja
2 habcdfegij
1 ahbcdefgij
3 afbdeghicj
4 facgedhbij
3 bcdeaghfij
2 abceghfdij
2 adbcfeghij
4 jbeacidfgh
1 eabcdfghij
1 abcdefgijh
4 habcdfgije
2 bicdeafghj
2 acbhdefgij
1 abcdfgehij
1 abcefghdij
6 aebfijdgch
1 abcdefhigj
2 eabchdfgij
3 gabdefchij
4 jhacbdfgie
2 acdefghibj
1 abcdefghij
2 bdefgahijc
2 abdfghecij
4 acehbjfgid
3 bcdifagehj
1 abcdefghij
2 abcdiefghj
1 abcdejfghi
8 gefahcidjb
2 abcdefghji
2 fadbceghij
1 abcefghidj
1 cabdefghij
1 acdefbghij
5 cedifbhgja
3 bacdfgjhei
1 acdefghibj
2 ahbcdfgiej
1 habcdefgij
3 acdegihjfb
5 agbfdheicj
3 bdcefhiajg
3 abcdefighj
3 bcgdefhija
3 jcbdeafghi
4 acjgdefibh
2 ajbcdgefhi
1 abcdjefghi
1 gabcdefhij
2 iahbcdefgj
3 bcdhefgija
5 aicehfgbdj
5 afdchebjgi
3 bacdehfgij
2 abchfdegij
3 abdciegfhj
3 chdebfgiaj
2 abcdefgihj
3 caibdefjgh
3 abcghfeijd
2 bdaefcghij
2 bdefghaijc
3 acjhbdefgi
1 abcdefghij
1 bcdefghija
4 bcefhagijd
3 abecdfghij
2 abcdfgehij
3 abjdefhcig
2 abdegfhicj
2 acdbegfhij
1 bacdefghij
3 abcejdfhig
2 abcdegfhij
5 adefgbhjic
1 abcdefghij
4 bicdgeafhj
2 ajcdefbghi
2 acbefghidj
3 cdefgibhaj
2 abicdeghfj
1 abcdejfghi
7 abgijhdcef
1 abcdfgehij
3 aefghdcbij
6 ihabcegjfd
2 dabceghijf
3 abdgefhicj
4 ahbcdgeijf
2 fajbcdeghi
3 ecbdfghaij
1 acdefbghij
5 cdgfeahbij
3 cdbeghifja
2 acdefbgihj
1 abchdefgij
4 ajbdegcfih
2 fbacdeghij
1 bcdefghiaj
3 cbdefgiajh
3 bacdehifjg
1 abcdefghij
1 abcdefghij
3 abcidefghj
3 aefdgbhcij
2 cdbefaghij
1 abcgdefhij
1 agbcdefhij
2 bacdeifghj
3 ahbjcedfgi
2 abcdhegifj
1 abcdegfhij
5 hebcfdgiaj
3 aebcdfjghi
3 cadefbghij
1 aebcdfghij
5 beachgidjf
3 cdfgbahije
4 achdefbgij
3 acdbfgehji
1 abdecfghij
3 abhcedgifj
9 gicjdbaehf
3 abecfghidj
4 bhdeifagcj
1 acbdefghij
5 behafdicjg
2 acdegbfhij
2 becdfghija
3 aecbdjfghi
1 abcdhefgij
3 abfcegjhdi
1 fabcdeghij
1 abdefghcij
3 eacdbfhijg
2 agbhcdefij
7 gbfahcidje
1 abcdjefghi
3 bdaeghfijc
7 dbaecfgjih
2 bcadefghji
3 cbdiaefghj
4 acgibdfehj
5 abecdifghj
4 abcgdjhefi
3 aecdfbighj
3 abdefhgcij
2 abefcdghij
1 abhcdefgij
2 bcdaefghji
2 abecdfghij
2 abcefdhigj
3 acedfghibj
5 bcejgfiahd
4 abjdeghcif
2 abcdjefgih
2 aebcdfhijg
3 bdecgfahij
1 afbcdeghij
3 acbefhdgij
3 abcgfhijed
5 eagcdfhibj
6 gabedfhcij
1 abcdeghifj
1 abcdefghij
2 abcdefjigh
3 abfcdghiej
3 cabedfjghi
3 abcehfgidj
2 iacdefghbj
1 abcdefghji
4 gacedbhifj
3 aibcdfgehj
4 cabfehigdj
2 bcdfgehiaj
3 bcdfahiegj
1 abcdefgijh
1 abdefghijc
1 abcdefgijh
2 acbdefghij
1 acdefghijb
3 abcdfeghij
1 abdefcghij
2 abefcghidj
1 abdefghicj
2 gabecdfhij
2 abcefgjdhi
4 abdhfcjgie
1 abdefcghij
5 fbicjdegah
7 bfajgcdeih
2 bacdegfhij
1 abcdefghij
2 abcdefghij
1 cabdefghij
3 cdbeghaifj
3 aecdfgibjh
4 bachegfdij
3 acdegfbhji
4 becdgfajhi
1 abcdhefgij
1 fabcdeghij
3 ahcdejbfgi
4 bjcdfeiagh
5 bfcadieghj
6 cefbdhagij
4 jafcideghb
2 bcdehfgaij
3 bgdecafhij
2 dabcefghij
1 acbdefghij
3 bcjedfghia
3 abcfhgedij
2 acdeghfbij
5 aihebgcjdf
2 acdefgbjhi
2 bgcdefhiaj
3 abfjdceghi
4 acjdeigfhb
2 bcefgahidj
1 abcdfghije
3 hbacfdegij
2 bcdheafgij
3 abdcjiefgh
2 eajbcdfghi
2 abcedgfhij
3 eacdfbghij
5 adcihfebgj
3 ijbcdefgah
3 cidefbghaj
1 abcdeifghj
1 bcadefghij
4 dbachefijg
4 bcdehfjagi
5 fahbceidjg
1 abcdejfghi
3 abdfehgijc
2 abcedfghij
4 icdefaghbj
2 bcdefaghij
1 aebcdfghij
3 gabcjdeifh
2 acdefghijb
4 bgcdeafhij
3 acbdfgheij
4 abcdhefgij
4 aibdecfjgh
3 dabecghifj
4 bcagfdehij
3 abjcdfghei
5 ibadcefgjh
5 acfhbgdeji
7 dfabhegijc
2 abcefghdij
4 acbdhgijef
1 abcdefgijh
3 agbcedfhji
1 abcdiefghj
3 abefghijdc
4 ajbdhefgci
5 biacdfghej
2 abcdfgihej
1 acdefbghij
1 abcdfeghij
1 cabdefghij
2 abcdefghij
2 abjcdefghi
1 eabcdfghij
2 bgcadefhij
2 agbdefhijc
7 cbegdfhjia
4 bcdfhegaij
3 abcefghidj
3 gabcdfjehi
5 cdghibaefj
2 abgdefhijc
1 abcdefighj
4 jahcbdfgie
1 abcdegfhij
3 abjcdeghfi
2 abcfdgehij
3 ajcdeibfgh
4 cjadbefghi
3 bcdegafhij
3 adbecifghj
1 abdefgchij
3 abdcefghij
3 abcdehgifj
1 abcdeghifj
1 acdefghbij
2 abcdehfgij
4 jabdciefgh
2 eabcdghfij
2 bcdefahgij
1 abdefghcij
2 aibcdefghj
4 fgbdeahcij
1 acdefbghij
4 bceahifgdj
1 aibcdefghj
6 ibcdefjhag
5 badefchgji
4 bcejfadghi
2 abcefdghij
4 bcdfgaijeh
3 cdfbaeghij
4 bdcaegfjhi
4 dabcefihgj
3 ebcdghiafj
6 afcebdjigh
1 abcdefgijh
1 acdefbghij
2 adcebfghij
5 jafbecghid
5 bahcfdigej
3 afbjceghid
4 jadcbiefgh
2 abcdeghijf
2 badefgchij
3 abcdehgfji
2 bcdefaighj
1 habcdefgij
2 abcdfgejhi
3 dafbcegihj
4 aedghbcijf
4 dahbcfgeji
1 dabcefghij
4 cbfdeghija
3 acefgdhijb
5 jbidcefagh
3 bdeghaifjc
5 bdcgahfije
3 afbhcedgij
3 bdiecafghj
3 ajbcdefhig
3 eahbcidfgj
3 abcidhfgej
3 abcejdfghi
4 hacdfegibj
1 abdecfghij
3 abcedghijf
3 eabcdhfgij
2 habcdefgij
3 adefgbchij
4 ebajcdfghi
3 abcefidghj
4 hdagbcfeij
4 afcdbgehij
3 eabdfgchji
2 facdegbhij
5 bcfjegahdi
5 abfghidejc
4 dagcefhibj
2 eabcdfgihj
1 abcdeghifj
4 bcdehgfjai
1 acdebfghij
2 abcdgehijf
2 abcefgdhij
2 abcdfeghji
1 eabcdfghij
6 abdehgcfji
2 abcdefihgj
2 acdefgibhj
3 bachdegfij
4 adgbfhceij
4 agbjdefchi
5 fhaecdbgij
4 cbegfhdiaj
4 bcfaeghdij
6 aegbidjchf
3 bacdfehijg
1 acdefbghij
4 cfedgbahij
4 agjbcefdhi
1 abcdefhgij
2 acibdefghj
2 acdebfghij
3 bcdehafgij
2 abhecdfgij
1 abcdfghije
2 eabcdfgjhi
1 acdefghibj
3 ajcdebfgih
4 gaeibcdhfj
4 eacbdjfghi
2 adefghicjb
4 acbdfgeihj
1 bcadefghij
3 abcdhegifj
4 abcidefghj
4 abecgdfihj
3 jadbefgchi
4 cbdefjghai
3 afdbecghij
1 abjcdefghi
1 bcdefghiaj
3 abcdgehijf
1 bcdeafghij
3 cbdeaghijf
1 bcdaefghij
1 bcdefaghij
1 abcefghdij
4 gbcdehfija
2 abdegfhcij
3 ahbdcgefij
4 abedfcihjg
3 abcjdhefgi
3 cdaiebfghj
1 abcedfghij
2 abchdefgij
3 adibecfghj
2 abchdegfij
2 bcdaeghifj
2 abdiefghjc
1 abcefgdhij
4 acedigbhjf
3 eabcdigfhj
3 bacefighdj
2 bcdfegahij
2 abdefghcij
5 bdcfihjaeg
1 cabdefghij
3 abgcehfidj
1 afbcdeghij
2 acfbdeghij
4 aebcjdgfhi
7 bjcigdeafh
1 abcdehfgij
4 abjigcefhd
2 abcdefgijh
1 abdefgchij
2 abcdgefhij
4 adfebcghij
3 bdcefghaij
1 acdefbghij
2 bacdfgheij
2 iabcdefgjh
2 abcdgfheij
2 cdabefghij
3 dbfceghaij
1 abcdhefgij
2 abcefghjdi
3 bdgefhciaj
2 bcdeghijaf
3 acdfgbhiej
3 bcdegfhija
1 abcdefghij
2 dabcefighj
2 abcfeghijd
3 afbcdghjei
2 abcfdghije
1 abcdefjghi
1 bacdefghij
2 adefghibjc
1 abdefghicj
4 hdafcbegij
2 abdcefighj
2 gabcdeifhj
2 abcdegifjh
5 chdafgiebj
3 badfgheijc
3 abcedfghji
1 abcdefghij
1 ajbcdefghi
2 abcedfghij
3 abcfdeghij
1 abcdfgheij
4 acbidjehfg
3 ahcdejbfgi
1 aebcdfghij
7 hfbidecjag
5 facedghbij
7 hceafgidbj
2 eagbcdfhij
4 bcdfghieaj
2 agbjcdefhi
1 dabcefghij
2 abdefcghij
4 cabdehifjg
7 ceiahbfgdj
4 bcgdhaiefj
1 abcdefjghi
5 bahdfjegic
1 abcdejfghi
3 habcjefdgi
5 bdciefghaj
3 iacdbehfgj
3 acbdfghiej
4 ceiabdfghj
2 abcdfjeghi
4 bhdefgcaji
3 abhcdjfegi
2 gbcdefhaij
1 jabcdefghi
4 dcjbefghai
1 abcefgdhij
2 bcagdefhij
2 abdefgichj
4 bicdejagfh
2 jabcdegfhi
2 dabceifghj
3 acdfgebjhi
1 abdefcghij
1 acbdefghij
6 dcfeaigbjh
1 abcdefghij
5 acdgefbhij
1 jabcdefghi
4 bcdahegfij
4 achebgdfij
5 ehbacgidfj
2 aibcdefghj
3 bfachdegij
3 achdefgijb
2 bceafdghij
2 abcdfjghei
4 fbcdaeghij
1 abcedfghij
2 abcfdgheij
3 adibcefghj
3 gaebcdfihj
3 ahcdefgbji
3 bdeafghicj
3 bjacfdeghi
1 abcdfgheij
2 ahbdcefgij
6 cadgehjfib
3 abecdfgjhi
1 bcdefaghij
3 bdegfhicja
4 abechdifjg
3 acdfgbhiej
2 abdcehfgij
3 bdefhigjca
2 abcjdefghi
1 acdebfghij
3 abdhegfijc
4 aefgdcihjb
6 jgebfhcida
2 ibcdeafghj
3 jabcdefghi
2 abcegfhijd
3 abcegfdihj
3 caefgdhijb
4 fabcdghjei
2 abcdjefhgi
2 abcefdhgij
3 ajbdefghci
1 abdefghijc
1 abcdhefgij
1 abcdfgehij
2 bdeafghijc
5 hdgcebfaij
5 cafegibdhj
4 bcdaefihjg
3 fabecdgijh
7 daecbhgifj
1 abdcefghij
6 eaifbgcjhd
3 adjbefghic
2 habcfdegij
6 dbcajeifgh
2 bacdejfghi
6 cjbeaghdfi
4 jiabcefhdg
1 abdefgchij
2 agbcedfhij
2 jabcdegfhi
2 baicdefghj
1 abcfdeghij
1 abdefcghij
3 agbdcefihj
3 eabfdghicj
1 abcdefghij
1 abcefghidj
4 afjdbcehgi
3 fabcdegjhi
4 ecdfgahjib
1 abcdeghfij
2 gabcdefijh
3 ibcdefhgaj
2 abcefghdij
2 abdhefgicj
1 abjcdefghi
2 abcjdefghi
3 bcdefgajhi
3 abgdcefhij
