1000002
323669
908836
171754
1000002
616306
913113
1000002
1000002
942525
753186
1000002
658909
1000002
858295
713126
1000002
1000002
1000002
1000002
171455
1000002
288450
1000002
241751
1000002
343161
585525
395211
577094
357659
1000002
1000002
1000002
347009
1000002
1000002
77965
370246
1000002
1000002
1000002
957403
1000002
185205
1000002
1000002
1000002
1000002
1000002
859955
498607
463606
217306
1000002
1000002
877159
1000002
1000002
1000002
188686
1000002
468102
1000002
946479
1000002
1000002
361827
1000002
503299
501299
116006
1000002
24810
241029
335750
1000002
215571
990927
1000002
57780
1000002
1000002
1000002
1000002
1000002
644411
1000002
1000002
1000002
1000002
370861
1000002
128097
1000002
698555
21789
660646
1000002
62437
