1
3
1
2
1
1
1
1
2
1
3
0
2
3
2
3
2
2
4
4
4
4
4
4
5
4
5
4
2
3
4
1
1
2
4
5
3
3
2
5
7
3
2
2
3
1
6
2
4
3
6
3
4
1
4
4
7
5
3
5
6
7
2
5
6
3
3
3
1
2
2
5
4
1
6
4
5
3
5
5
2
5
1
7
7
5
6
3
3
6
5
5
5
4
3
2
1
4
3
8
2
4
7
2
4
3
4
3
1
4
3
2
1
5
3
3
5
4
5
2
5
2
2
6
6
4
2
2
2
1
1
3
4
3
1
3
4
2
6
3
5
2
3
4
2
4
4
5
5
6
9
5
5
5
4
6
6
3
4
1
2
2
5
8
2
3
5
4
3
2
3
7
7
6
4
8
7
4
3
1
4
3
7
6
5
4
6
4
7
2
2
0
3
2
2
1
2
3
4
4
3
6
4
5
3
3
4
2
5
5
2
6
5
6
5
2
7
4
1
3
3
4
1
2
1
1
4
3
3
1
1
3
2
2
2
1
1
3
2
4
2
3
2
3
3
4
2
2
2
2
1
3
3
4
2
2
3
1
2
4
1
3
