1 3 
2 3 10 
3 3 10 13 
4 3 10 13 15 
5 3 10 13 15 19 
6 3 10 13 15 19 22 
7 3 10 13 15 19 22 25 
8 3 10 13 15 19 22 25 27 
9 3 10 13 15 19 22 25 27 31 
10 3 10 13 15 19 22 25 27 31 34 
1 1 
2 1 6 
3 1 6 7 
4 1 6 7 11 
5 1 6 7 11 13 
6 1 6 7 11 13 15 
7 1 6 7 11 13 15 16 
8 1 6 7 11 13 15 16 22 
9 1 6 7 11 13 15 16 22 24 
10 1 6 7 11 13 15 16 22 24 25 
1 13 
2 13 15 
3 13 15 19 
4 13 15 19 20 
5 13 15 19 20 22 
6 13 15 19 20 22 25 
7 13 15 19 20 22 25 31 
8 13 15 19 20 22 25 31 33 
9 13 15 19 20 22 25 31 33 34 
10 13 15 19 20 22 25 31 33 34 38 
1 5 
2 5 9 
3 5 9 13 
4 5 9 13 15 
5 5 9 13 15 17 
6 5 9 13 15 17 19 
7 5 9 13 15 17 19 22 
8 5 9 13 15 17 19 22 25 
9 5 9 13 15 17 19 22 25 31 
10 5 9 13 15 17 19 22 25 31 34 
1 13 
2 13 15 
3 13 15 19 
4 13 15 19 22 
5 13 15 19 22 25 
6 13 15 19 22 25 31 
7 13 15 19 22 25 31 34 
8 13 15 19 22 25 31 34 39 
9 13 15 19 22 25 31 34 39 40 
10 13 15 19 22 25 31 34 39 40 42 
1 2 
2 2 8 
3 2 8 12 
4 2 8 12 14 
5 2 8 12 14 18 
6 2 8 12 14 18 22 
7 2 8 12 14 18 22 23 
8 2 8 12 14 18 22 23 40 
9 2 8 12 14 18 22 23 40 42 
10 2 8 12 14 18 22 23 40 42 59 
1 13 
2 13 15 
3 13 15 22 
4 13 15 22 25 
5 13 15 22 25 34 
6 13 15 22 25 34 39 
7 13 15 22 25 34 39 40 
8 13 15 22 25 34 39 40 42 
9 13 15 22 25 34 39 40 42 60 
10 13 15 22 25 34 39 40 42 60 62 
1 1 
2 1 4 
3 1 4 6 
4 1 4 6 7 
5 1 4 6 7 11 
6 1 4 6 7 11 13 
7 1 4 6 7 11 13 15 
8 1 4 6 7 11 13 15 16 
9 1 4 6 7 11 13 15 16 21 
10 1 4 6 7 11 13 15 16 21 22 
1 13 
2 13 15 
3 13 15 19 
4 13 15 19 22 
5 13 15 19 22 25 
6 13 15 19 22 25 31 
7 13 15 19 22 25 31 33 
8 13 15 19 22 25 31 33 34 
9 13 15 19 22 25 31 33 34 38 
10 13 15 19 22 25 31 33 34 38 39 
1 1 
2 1 3 
3 1 3 6 
4 1 3 6 7 
5 1 3 6 7 10 
6 1 3 6 7 10 11 
7 1 3 6 7 10 11 13 
8 1 3 6 7 10 11 13 15 
9 1 3 6 7 10 11 13 15 16 
10 1 3 6 7 10 11 13 15 16 19 
1 3 
2 3 10 
3 3 10 19 
4 3 10 19 20 
5 3 10 19 20 27 
6 3 10 19 20 27 31 
7 3 10 19 20 27 31 33 
8 3 10 19 20 27 31 33 36 
9 3 10 19 20 27 31 33 36 38 
10 3 10 19 20 27 31 33 36 38 44 
1 3 
2 3 5 
3 3 5 9 
4 3 5 9 10 
5 3 5 9 10 17 
6 3 5 9 10 17 19 
7 3 5 9 10 17 19 27 
8 3 5 9 10 17 19 27 31 
9 3 5 9 10 17 19 27 31 35 
10 3 5 9 10 17 19 27 31 35 36 
1 3 
2 3 10 
3 3 10 19 
4 3 10 19 27 
5 3 10 19 27 31 
6 3 10 19 27 31 36 
7 3 10 19 27 31 36 45 
8 3 10 19 27 31 36 45 47 
9 3 10 19 27 31 36 45 47 49 
10 3 10 19 27 31 36 45 47 49 51 
1 2 
2 2 3 
3 2 3 8 
4 2 3 8 10 
5 2 3 8 10 12 
6 2 3 8 10 12 13 
7 2 3 8 10 12 13 14 
8 2 3 8 10 12 13 14 15 
9 2 3 8 10 12 13 14 15 18 
10 2 3 8 10 12 13 14 15 18 19 
1 3 
2 3 10 
3 3 10 13 
4 3 10 13 15 
5 3 10 13 15 19 
6 3 10 13 15 19 25 
7 3 10 13 15 19 25 27 
8 3 10 13 15 19 25 27 31 
9 3 10 13 15 19 25 27 31 34 
10 3 10 13 15 19 25 27 31 34 36 
1 1 
2 1 3 
3 1 3 4 
4 1 3 4 6 
5 1 3 4 6 7 
6 1 3 4 6 7 10 
7 1 3 4 6 7 10 11 
8 1 3 4 6 7 10 11 13 
9 1 3 4 6 7 10 11 13 15 
10 1 3 4 6 7 10 11 13 15 16 
1 3 
2 3 10 
3 3 10 19 
4 3 10 19 27 
5 3 10 19 27 31 
6 3 10 19 27 31 33 
7 3 10 19 27 31 33 36 
8 3 10 19 27 31 33 36 38 
9 3 10 19 27 31 33 36 38 45 
10 3 10 19 27 31 33 36 38 45 47 
1 1 
2 1 6 
3 1 6 7 
4 1 6 7 11 
5 1 6 7 11 13 
6 1 6 7 11 13 15 
7 1 6 7 11 13 15 16 
8 1 6 7 11 13 15 16 19 
9 1 6 7 11 13 15 16 19 20 
10 1 6 7 11 13 15 16 19 20 24 
1 1 
2 1 5 
3 1 5 6 
4 1 5 6 7 
5 1 5 6 7 9 
6 1 5 6 7 9 11 
7 1 5 6 7 9 11 13 
8 1 5 6 7 9 11 13 15 
9 1 5 6 7 9 11 13 15 16 
10 1 5 6 7 9 11 13 15 16 17 
1 1 
2 1 6 
3 1 6 7 
4 1 6 7 11 
5 1 6 7 11 13 
6 1 6 7 11 13 15 
7 1 6 7 11 13 15 16 
8 1 6 7 11 13 15 16 19 
9 1 6 7 11 13 15 16 19 24 
10 1 6 7 11 13 15 16 19 24 25 
1 1 
2 1 2 
3 1 2 6 
4 1 2 6 7 
5 1 2 6 7 8 
6 1 2 6 7 8 11 
7 1 2 6 7 8 11 12 
8 1 2 6 7 8 11 12 13 
9 1 2 6 7 8 11 12 13 14 
10 1 2 6 7 8 11 12 13 14 15 
1 1 
2 1 6 
3 1 6 7 
4 1 6 7 11 
5 1 6 7 11 13 
6 1 6 7 11 13 15 
7 1 6 7 11 13 15 16 
8 1 6 7 11 13 15 16 24 
9 1 6 7 11 13 15 16 24 25 
10 1 6 7 11 13 15 16 24 25 29 
1 1 
2 1 4 
3 1 4 6 
4 1 4 6 7 
5 1 4 6 7 11 
6 1 4 6 7 11 16 
7 1 4 6 7 11 16 21 
8 1 4 6 7 11 16 21 24 
9 1 4 6 7 11 16 21 24 26 
10 1 4 6 7 11 16 21 24 26 28 
1 1 
2 1 6 
3 1 6 7 
4 1 6 7 11 
5 1 6 7 11 13 
6 1 6 7 11 13 15 
7 1 6 7 11 13 15 16 
8 1 6 7 11 13 15 16 19 
9 1 6 7 11 13 15 16 19 24 
10 1 6 7 11 13 15 16 19 24 25 
1 5 
2 5 9 
3 5 9 17 
4 5 9 17 19 
5 5 9 17 19 20 
6 5 9 17 19 20 31 
7 5 9 17 19 20 31 33 
8 5 9 17 19 20 31 33 35 
9 5 9 17 19 20 31 33 35 37 
10 5 9 17 19 20 31 33 35 37 38 
1 19 
2 19 20 
3 19 20 31 
4 19 20 31 33 
5 19 20 31 33 38 
6 19 20 31 33 38 44 
7 19 20 31 33 38 44 47 
8 19 20 31 33 38 44 47 48 
9 19 20 31 33 38 44 47 48 50 
10 19 20 31 33 38 44 47 48 50 51 
1 2 
2 2 8 
3 2 8 12 
4 2 8 12 13 
5 2 8 12 13 14 
6 2 8 12 13 14 15 
7 2 8 12 13 14 15 18 
8 2 8 12 13 14 15 18 19 
9 2 8 12 13 14 15 18 19 20 
10 2 8 12 13 14 15 18 19 20 22 
1 13 
2 13 15 
3 13 15 19 
4 13 15 19 20 
5 13 15 19 20 25 
6 13 15 19 20 25 31 
7 13 15 19 20 25 31 33 
8 13 15 19 20 25 31 33 34 
9 13 15 19 20 25 31 33 34 38 
10 13 15 19 20 25 31 33 34 38 39 
1 1 
2 1 4 
3 1 4 6 
4 1 4 6 7 
5 1 4 6 7 11 
6 1 4 6 7 11 13 
7 1 4 6 7 11 13 15 
8 1 4 6 7 11 13 15 16 
9 1 4 6 7 11 13 15 16 19 
10 1 4 6 7 11 13 15 16 19 20 
1 20 
2 20 33 
3 20 33 38 
4 20 33 38 44 
5 20 33 38 44 48 
6 20 33 38 44 48 50 
7 20 33 38 44 48 50 56 
8 20 33 38 44 48 50 56 58 
9 20 33 38 44 48 50 56 58 66 
10 20 33 38 44 48 50 56 58 66 69 
1 5 
2 5 9 
3 5 9 17 
4 5 9 17 19 
5 5 9 17 19 31 
6 5 9 17 19 31 35 
7 5 9 17 19 31 35 37 
8 5 9 17 19 31 35 37 47 
9 5 9 17 19 31 35 37 47 51 
10 5 9 17 19 31 35 37 47 51 53 
1 2 
2 2 5 
3 2 5 8 
4 2 5 8 9 
5 2 5 8 9 12 
6 2 5 8 9 12 13 
7 2 5 8 9 12 13 14 
8 2 5 8 9 12 13 14 15 
9 2 5 8 9 12 13 14 15 17 
10 2 5 8 9 12 13 14 15 17 18 
1 5 
2 5 9 
3 5 9 13 
4 5 9 13 15 
5 5 9 13 15 17 
6 5 9 13 15 17 19 
7 5 9 13 15 17 19 25 
8 5 9 13 15 17 19 25 31 
9 5 9 13 15 17 19 25 31 34 
10 5 9 13 15 17 19 25 31 34 35 
1 1 
2 1 4 
3 1 4 5 
4 1 4 5 6 
5 1 4 5 6 7 
6 1 4 5 6 7 9 
7 1 4 5 6 7 9 11 
8 1 4 5 6 7 9 11 13 
9 1 4 5 6 7 9 11 13 15 
10 1 4 5 6 7 9 11 13 15 16 
1 5 
2 5 9 
3 5 9 17 
4 5 9 17 19 
5 5 9 17 19 31 
6 5 9 17 19 31 33 
7 5 9 17 19 31 33 35 
8 5 9 17 19 31 33 35 37 
9 5 9 17 19 31 33 35 37 38 
10 5 9 17 19 31 33 35 37 38 47 
1 2 
2 2 8 
3 2 8 12 
4 2 8 12 13 
5 2 8 12 13 14 
6 2 8 12 13 14 15 
7 2 8 12 13 14 15 18 
8 2 8 12 13 14 15 18 19 
9 2 8 12 13 14 15 18 19 22 
10 2 8 12 13 14 15 18 19 22 23 
1 13 
2 13 15 
3 13 15 19 
4 13 15 19 25 
5 13 15 19 25 31 
6 13 15 19 25 31 34 
7 13 15 19 25 31 34 39 
8 13 15 19 25 31 34 39 47 
9 13 15 19 25 31 34 39 47 51 
10 13 15 19 25 31 34 39 47 51 60 
1 1 
2 1 4 
3 1 4 6 
4 1 4 6 7 
5 1 4 6 7 11 
6 1 4 6 7 11 13 
7 1 4 6 7 11 13 15 
8 1 4 6 7 11 13 15 16 
9 1 4 6 7 11 13 15 16 19 
10 1 4 6 7 11 13 15 16 19 21 
1 19 
2 19 31 
3 19 31 33 
4 19 31 33 38 
5 19 31 33 38 47 
6 19 31 33 38 47 51 
7 19 31 33 38 47 51 56 
8 19 31 33 38 47 51 56 58 
9 19 31 33 38 47 51 56 58 69 
10 19 31 33 38 47 51 56 58 69 75 
1 2 
2 2 8 
3 2 8 12 
4 2 8 12 13 
5 2 8 12 13 14 
6 2 8 12 13 14 15 
7 2 8 12 13 14 15 18 
8 2 8 12 13 14 15 18 22 
9 2 8 12 13 14 15 18 22 23 
10 2 8 12 13 14 15 18 22 23 25 
1 1 
2 1 2 
3 1 2 4 
4 1 2 4 6 
5 1 2 4 6 7 
6 1 2 4 6 7 8 
7 1 2 4 6 7 8 11 
8 1 2 4 6 7 8 11 12 
9 1 2 4 6 7 8 11 12 13 
10 1 2 4 6 7 8 11 12 13 14 
1 2 
2 2 8 
3 2 8 12 
4 2 8 12 13 
5 2 8 12 13 14 
6 2 8 12 13 14 15 
7 2 8 12 13 14 15 18 
8 2 8 12 13 14 15 18 19 
9 2 8 12 13 14 15 18 19 22 
10 2 8 12 13 14 15 18 19 22 23 
1 1 
2 1 4 
3 1 4 6 
4 1 4 6 7 
5 1 4 6 7 11 
6 1 4 6 7 11 13 
7 1 4 6 7 11 13 15 
8 1 4 6 7 11 13 15 16 
9 1 4 6 7 11 13 15 16 21 
10 1 4 6 7 11 13 15 16 21 24 
1 13 
2 13 15 
3 13 15 19 
4 13 15 19 25 
5 13 15 19 25 31 
6 13 15 19 25 31 33 
7 13 15 19 25 31 33 34 
8 13 15 19 25 31 33 34 38 
9 13 15 19 25 31 33 34 38 39 
10 13 15 19 25 31 33 34 38 39 47 
1 1 
2 1 4 
3 1 4 6 
4 1 4 6 7 
5 1 4 6 7 11 
6 1 4 6 7 11 13 
7 1 4 6 7 11 13 15 
8 1 4 6 7 11 13 15 16 
9 1 4 6 7 11 13 15 16 19 
10 1 4 6 7 11 13 15 16 19 21 
