126183759
40769460
36454291
156873764
647118144
186213290
781951006
713582297
9881349
503838826
72760192
647917935
225242414
266160197
942622047
109771675
808813214
188543977
826456186
665318491
166268343
62489601
574452530
998124889
911549651
148895192
545546728
178336150
492008144
85216120
354862712
709672084
532229233
57869992
422157817
854635175
628163637
180661111
224605926
953426530
145304058
699711472
85253789
188365600
859342648
333247775
551802979
133896214
882919852
494953972
224001292
244124533
977261922
757649775
600948409
679498035
404459175
656987055
854907234
991781394
109789890
568073672
365098857
892581534
646617636
512413816
705716253
667373529
871831737
804743553
391664282
553147489
269178482
654791020
515149721
721225898
723334554
698568139
29681096
923623690
585247520
747396357
348959195
615026961
375044258
102350886
680575496
958827566
133787283
568209556
51313869
404081123
113245048
609729003
95658763
950194742
429022575
890149470
540116141
354879854
