59
50
51
22
5
20
45
59
40
10
3
61
56
54
24
56
2
59
2
23
57
55
29
10
31
39
29
53
5
55
60
56
38
45
59
61
56
60
39
59
62
38
2
61
57
61
35
58
13
39
60
53
29
44
6
60
57
7
61
56
61
19
42
26
47
5
31
57
41
58
36
60
54
42
21
59
20
21
50
64
63
35
47
54
43
55
37
49
33
39
47
59
59
28
41
37
4
61
13
52
60
56
58
19
54
49
8
15
49
54
30
56
41
54
7
20
57
11
56
33
21
46
40
55
40
57
11
38
30
52
48
63
37
14
14
55
56
60
14
54
48
26
12
41
30
19
14
14
51
56
33
61
16
35
39
37
35
23
47
27
48
56
62
49
18
36
16
20
58
51
58
46
23
50
49
13
48
56
27
60
63
10
59
40
62
30
45
57
54
18
11
47
38
57
58
52
58
6
57
15
60
29
21
53
62
51
48
59
56
62
40
26
3
23
46
50
54
13
57
51
47
36
52
60
55
44
46
58
49
32
33
29
20
28
16
57
54
62
58
56
55
4
63
57
45
62
61
50
58
46
16
37
40
21
36
48
43
29
54
22
2
54
6
19
53
49
25
36
32
26
61
54
43
55
57
41
4
53
27
39
63
53
51
44
56
25
63
57
50
46
47
9
13
24
11
58
51
6
54
52
56
53
35
27
39
33
54
38
53
20
21
26
56
10
33
17
51
31
4
58
7
60
12
62
56
50
19
19
54
59
51
58
54
41
43
57
59
41
59
55
55
59
19
45
55
40
60
50
52
52
5
61
43
48
39
35
38
61
27
56
2
57
47
46
48
41
59
19
60
49
43
5
33
23
58
60
46
49
30
28
50
47
59
55
54
58
10
53
58
55
52
53
44
33
41
29
59
17
57
17
26
31
31
48
21
46
43
8
63
60
56
36
54
19
57
54
55
59
4
61
17
58
62
6
21
15
4
60
44
28
58
38
28
48
46
59
54
31
48
40
64
57
58
55
22
35
57
6
41
14
25
62
10
39
59
26
14
24
23
38
47
41
54
60
32
52
6
26
6
56
59
55
58
53
29
14
54
53
57
59
49
61
56
60
35
32
34
57
31
58
56
40
47
62
45
17
39
52
4
49
5
30
8
13
13
52
42
14
39
57
44
63
55
53
7
6
24
29
50
11
58
7
6
57
41
39
49
40
17
33
65
60
56
21
34
38
57
37
5
20
56
46
19
42
57
56
36
37
43
17
8
49
59
32
61
23
47
59
23
57
53
33
28
50
56
62
33
50
47
64
58
27
17
6
14
41
32
19
20
58
9
25
5
22
58
44
61
63
50
41
11
55
49
14
42
52
53
62
57
18
53
51
12
43
54
31
25
49
24
19
63
29
58
51
63
62
6
15
60
48
64
5
31
45
46
29
58
18
32
32
7
67
32
36
53
56
59
60
27
58
42
7
61
7
29
41
46
59
41
56
43
53
8
54
45
61
34
2
27
23
39
30
21
44
63
51
36
60
61
15
13
53
45
42
39
46
46
2
26
5
56
48
20
57
60
13
56
31
7
18
52
29
55
30
34
57
38
53
24
36
10
36
61
38
63
53
43
58
63
60
52
28
59
59
36
59
25
60
39
24
63
28
58
11
49
51
45
28
5
16
62
21
25
32
8
16
63
52
52
54
43
33
58
7
58
46
38
56
37
59
54
40
37
58
59
22
39
15
38
39
57
26
59
43
26
15
64
24
34
56
40
59
35
51
2
24
54
44
21
28
3
40
57
16
26
37
52
8
58
55
55
28
38
41
5
57
16
46
41
48
57
48
45
58
46
61
22
57
47
21
27
57
36
57
