3080 2
4785 1
240 2
1701 1
1216 1
3360 1
2052 1
-140 1
819 1
2205 1
1995 1
2420 2
3120 1
150 2
266 1
63 4
1840 1
864 1
4680 1
1323 1
990 1
640 3
2464 2
936 4
70 2
2128 1
2552 1
1764 6
2310 1
2805 1
6118 1
616 1
3240 2
-216 1
0 675
630 1
555 1
1463 2
1152 4
1710 2
198 1
3990 1
1701 1
960 2
45 1
1350 2
4200 1
936 2
3900 1
4320 2
3240 1
190 2
1452 3
2160 1
504 1
0 675
3168 4
480 1
1071 1
1547 1
3465 1
1092 1
312 1
1680 1
1200 1
108 1
1440 1
660 1
225 1
864 1
1134 1
1904 1
5187 2
2475 1
612 2
441 1
480 1
408 1
7975 2
270 2
