426060464
316947020
762979338
397175593
280328364
885446228
242311276
595386207
515890216
390590365
263286648
635632346
523553755
714981196
348716321
307011523
77508540
75348862
186700283
792281099
517531158
237926069
600222686
554743076
497696524
458079684
667893646
210927376
156411730
769117088
462509903
173608682
927902463
332166115
907412110
415175340
214061129
281736106
921656375
511503905
325324428
172555061
966256003
52421907
320555119
632292412
558123548
384364681
433277915
69709103
856487311
343135630
975627912
642075381
634473383
419820319
522667195
417176750
398550873
135596841
165310950
783692043
499073172
408955450
576189755
526013199
727793119
793120434
543462510
853857408
927422828
110386183
269376359
388026723
320695261
86372089
71042675
103460592
550051716
478053613
646677250
758404593
958346970
796566777
669208776
769135623
338591988
59410881
242439989
450004261
748251911
830385719
487776552
532469593
215780115
176129178
350481031
763172048
998187491
22362891
929230302
654440230
287948669
600389699
126897921
309715408
641425791
860099629
9077559
127993853
755417183
5672871
82412516
953141191
935543371
60493445
907177024
372168139
801281854
236394981
236338278
981173070
895406907
778400436
862125911
788729608
805768034
914579938
514222788
692963056
211239545
329281153
534406393
888913777
792152786
753886123
46531932
978279058
340513760
305060770
695404340
844661404
600766047
344509548
126475301
470434160
897562618
516373355
819079978
726016319
805521629
815876738
445059481
706661194
388351773
63141033
462257209
649964768
603500502
673485644
304993183
734799464
727665639
631924062
139740552
863668593
261752272
754740435
700206253
476268090
864271362
537498220
459259850
722747295
25000054
876542180
893659985
749762406
605656204
730954176
290477518
789718285
633193881
892570713
231998504
227388784
400029270
437134193
896887844
600267153
854353871
893657991
67385774
24450993
767266892
10787752
102762996
164009931
722431715
689083273
639652576
732537515
287191579
541045722
374195803
855067811
779479516
859591244
919053141
363618581
380454102
518755968
505123854
601134124
934060881
504993238
481619035
168518834
169941527
391560976
545197235
650053324
399934646
567881695
785171568
281406462
179661585
312168841
27378774
963009754
302425671
96168690
566687257
634029355
375111471
971447334
502754693
335031410
586915970
427432546
243739091
283398553
173811543
987878803
373189299
293376784
747733111
471163837
292001865
140235297
233190801
182108025
920711203
393707721
36858027
943328622
842640714
840348484
777554783
501075932
144231500
693465088
296577298
721844968
28010670
644183026
702170261
185658392
278645792
973564382
85519050
204045955
180275805
132718346
455406455
868184619
143938039
283849089
816302411
378224207
554772848
810971520
69229336
