1281208
821256
1144387
1281208
201503
91263
1859150
821256
821256
891027
821256
1875512
1152309
445238
129758
821256
445238
821256
821256
1263554
826270
826270
826270
1873461
1269632
826270
1269632
452761
1927115
1918207
466055
1875603
1167741
445313
1931697
1875603
829781
1269632
1875736
829781
405286
673461
1268882
460786
460200
829781
460200
1292417
1292417
458641
1454820
317112
1888584
829781
1933717
829781
1290189
1770435
994286
450303
549157
1281015
1874864
72781
1281015
829781
829781
361305
1878209
829781
1334608
829781
304964
450303
450303
135599
1268522
835033
1268522
838165
1670271
456703
118251
299689
450303
339126
345993
393648
1277400
838165
838165
339126
838165
450303
838165
1283815
1869012
1283815
297950
1429759
738227
1911957
461267
880039
1278032
1285161
1080807
971258
1470568
372159
439340
831806
1296781
361199
831806
347640
831806
831806
450303
226384
459562
348351
393648
348351
1414592
90375
835543
1863420
459562
1793236
1284866
459562
226384
34784
455956
835543
771359
462672
835543
1840988
1788204
1274344
158636
846164
859493
235480
1837628
1829759
1270430
1859376
841849
470415
201861
1270430
859493
1270430
1270430
462672
859493
1826524
1270430
1365862
1273156
859493
859493
285188
1816228
1816228
859493
1817840
859493
448735
964823
461438
1273918
859493
1020761
228423
1273918
859493
1824936
234364
1824936
859493
859493
859493
859493
859493
448735
859493
1610256
422728
1261627
859493
448735
413956
859493
232344
448261
96899
1781969
1392268
859493
859493
863590
161310
725309
863590
226164
1256353
863590
319539
422728
863590
1807972
863590
1820185
345402
438606
268026
319539
1826861
457584
174095
457584
582200
1271857
1271857
863590
1018476
457584
863590
863590
863590
408474
863590
1265194
440288
863590
863590
468639
853699
331877
446379
429859
1745490
468639
468639
1189827
1251693
1876318
853699
468639
857239
857239
1457404
1280691
1868339
1738592
1882080
1898556
468639
1242993
857042
468639
857042
1910285
158636
1242635
1892735
286422
1907238
475924
1893432
329195
475924
1244570
430697
